<?xml version="1.0" encoding="UTF-8"?>
<!-- Generated by org.testng.reporters.JUnitXMLReporter -->
<testsuite hostname="SKOTWAL" name="Next 4 Tests" tests="3" failures="0" timestamp="4 Dec 2014 08:53:20 GMT" time="4.065" errors="0">
  <testcase name="changingDom" time="2.109" classname="the.internet.app.NextStepMove"/>
  <testcase name="checkList" time="0.593" classname="the.internet.app.NextStepMove"/>
  <testcase name="contextMenuSelection" time="1.351" classname="the.internet.app.NextStepMove"/>
</testsuite> <!-- Next 4 Tests -->
